<<<<<<< HEAD
﻿Build started 5/27/2015 3:54:22 PM.
=======
<<<<<<< HEAD
﻿Build started 5/27/2015 10:20:59 AM.
     1>Project "C:\Eigenfaces\eigenfacesRichardson\eigenfacesRichardson\eigenfacesRichardson.vcxproj" on node 2 (Build target(s)).
     1>Link:
         C:\Program Files (x86)\Microsoft Visual Studio 11.0\VC\bin\link.exe /ERRORREPORT:PROMPT /OUT:"C:\Eigenfaces\eigenfacesRichardson\Debug\eigenfacesRichardson.exe" /INCREMENTAL /NOLOGO opencv_calib3d2410.lib opencv_calib3d2410d.lib opencv_contrib2410.lib opencv_contrib2410d.lib opencv_core2410.lib opencv_core2410d.lib opencv_features2d2410.lib opencv_features2d2410d.lib opencv_flann2410.lib opencv_flann2410d.lib opencv_gpu2410.lib opencv_gpu2410d.lib opencv_highgui2410.lib opencv_highgui2410d.lib opencv_imgproc2410.lib opencv_imgproc2410d.lib opencv_legacy2410.lib opencv_legacy2410d.lib opencv_ml2410.lib opencv_ml2410d.lib opencv_nonfree2410.lib opencv_nonfree2410d.lib opencv_objdetect2410.lib opencv_objdetect2410d.lib opencv_ocl2410.lib opencv_ocl2410d.lib opencv_photo2410.lib opencv_photo2410d.lib opencv_stitching2410.lib opencv_stitching2410d.lib opencv_superres2410.lib opencv_superres2410d.lib opencv_ts2410.lib opencv_ts2410d.lib opencv_video2410.lib opencv_video2410d.lib opencv_videostab2410.lib opencv_videostab2410d.lib kernel32.lib user32.lib gdi32.lib winspool.lib comdlg32.lib advapi32.lib shell32.lib ole32.lib oleaut32.lib uuid.lib odbc32.lib odbccp32.lib /MANIFEST /MANIFESTUAC:"level='asInvoker' uiAccess='false'" /manifest:embed /DEBUG /PDB:"C:\Eigenfaces\eigenfacesRichardson\Debug\eigenfacesRichardson.pdb" /SUBSYSTEM:CONSOLE /TLBID:1 /DYNAMICBASE /NXCOMPAT /IMPLIB:"C:\Eigenfaces\eigenfacesRichardson\Debug\eigenfacesRichardson.lib" /MACHINE:X86 Debug\Eigenface.obj
=======
﻿Build started 5/27/2015 3:50:00 PM.
>>>>>>> 0ddede6e56dfd03c0b4b57121e69659a239baede
     1>Project "C:\Robotics\Eigenfaces\eigenfacesRichardson\eigenfacesRichardson\eigenfacesRichardson.vcxproj" on node 2 (Build target(s)).
     1>ClCompile:
         C:\Program Files (x86)\Microsoft Visual Studio 11.0\VC\bin\CL.exe /c /ZI /nologo /W3 /WX- /Od /Oy- /D WIN32 /D _DEBUG /D _CONSOLE /D _UNICODE /D UNICODE /Gm /EHsc /RTC1 /MDd /GS /fp:precise /Zc:wchar_t /Zc:forScope /Fo"Debug\\" /Fd"Debug\vc110.pdb" /Gd /TP /analyze- /errorReport:prompt Eigenface.cpp
         Eigenface.cpp
       Link:
         C:\Program Files (x86)\Microsoft Visual Studio 11.0\VC\bin\link.exe /ERRORREPORT:PROMPT /OUT:"C:\Robotics\Eigenfaces\eigenfacesRichardson\Debug\eigenfacesRichardson.exe" /INCREMENTAL /NOLOGO opencv_calib3d2410.lib opencv_calib3d2410d.lib opencv_contrib2410.lib opencv_contrib2410d.lib opencv_core2410.lib opencv_core2410d.lib opencv_features2d2410.lib opencv_features2d2410d.lib opencv_flann2410.lib opencv_flann2410d.lib opencv_gpu2410.lib opencv_gpu2410d.lib opencv_highgui2410.lib opencv_highgui2410d.lib opencv_imgproc2410.lib opencv_imgproc2410d.lib opencv_legacy2410.lib opencv_legacy2410d.lib opencv_ml2410.lib opencv_ml2410d.lib opencv_nonfree2410.lib opencv_nonfree2410d.lib opencv_objdetect2410.lib opencv_objdetect2410d.lib opencv_ocl2410.lib opencv_ocl2410d.lib opencv_photo2410.lib opencv_photo2410d.lib opencv_stitching2410.lib opencv_stitching2410d.lib opencv_superres2410.lib opencv_superres2410d.lib opencv_ts2410.lib opencv_ts2410d.lib opencv_video2410.lib opencv_video2410d.lib opencv_videostab2410.lib opencv_videostab2410d.lib kernel32.lib user32.lib gdi32.lib winspool.lib comdlg32.lib advapi32.lib shell32.lib ole32.lib oleaut32.lib uuid.lib odbc32.lib odbccp32.lib /MANIFEST /MANIFESTUAC:"level='asInvoker' uiAccess='false'" /manifest:embed /DEBUG /PDB:"C:\Robotics\Eigenfaces\eigenfacesRichardson\Debug\eigenfacesRichardson.pdb" /SUBSYSTEM:CONSOLE /TLBID:1 /DYNAMICBASE /NXCOMPAT /IMPLIB:"C:\Robotics\Eigenfaces\eigenfacesRichardson\Debug\eigenfacesRichardson.lib" /MACHINE:X86 Debug\Eigenface.obj
>>>>>>> 3b5c589088c568c9eb40210c239121500d599832
         Debug\main.obj
         eigenfacesRichardson.vcxproj -> C:\Eigenfaces\eigenfacesRichardson\Debug\eigenfacesRichardson.exe
     1>Done Building Project "C:\Eigenfaces\eigenfacesRichardson\eigenfacesRichardson\eigenfacesRichardson.vcxproj" (Build target(s)).

Build succeeded.

<<<<<<< HEAD
Time Elapsed 00:00:02.36
=======
<<<<<<< HEAD
Time Elapsed 00:00:00.47
=======
Time Elapsed 00:00:04.21
>>>>>>> 3b5c589088c568c9eb40210c239121500d599832
>>>>>>> 0ddede6e56dfd03c0b4b57121e69659a239baede
