c:\robotics\eigenfaces\eigenfacesrichardson\eigenfacesrichardson\debug\main.obj
c:\robotics\eigenfaces\eigenfacesrichardson\eigenfacesrichardson\debug\vc110.pdb
c:\robotics\eigenfaces\eigenfacesrichardson\eigenfacesrichardson\debug\eigenface.obj
c:\robotics\eigenfaces\eigenfacesrichardson\eigenfacesrichardson\debug\util.obj
c:\robotics\eigenfaces\eigenfacesrichardson\debug\eigenfacesrichardson.ilk
c:\robotics\eigenfaces\eigenfacesrichardson\debug\eigenfacesrichardson.exe
c:\robotics\eigenfaces\eigenfacesrichardson\debug\eigenfacesrichardson.pdb
c:\robotics\eigenfaces\eigenfacesrichardson\eigenfacesrichardson\debug\cl.command.1.tlog
c:\robotics\eigenfaces\eigenfacesrichardson\eigenfacesrichardson\debug\cl.read.1.tlog
c:\robotics\eigenfaces\eigenfacesrichardson\eigenfacesrichardson\debug\cl.write.1.tlog
c:\robotics\eigenfaces\eigenfacesrichardson\eigenfacesrichardson\debug\link-cvtres.read.1.tlog
c:\robotics\eigenfaces\eigenfacesrichardson\eigenfacesrichardson\debug\link-cvtres.write.1.tlog
c:\robotics\eigenfaces\eigenfacesrichardson\eigenfacesrichardson\debug\link-rc.read.1.tlog
c:\robotics\eigenfaces\eigenfacesrichardson\eigenfacesrichardson\debug\link-rc.write.1.tlog
c:\robotics\eigenfaces\eigenfacesrichardson\eigenfacesrichardson\debug\link.3372-cvtres.read.1.tlog
c:\robotics\eigenfaces\eigenfacesrichardson\eigenfacesrichardson\debug\link.3372-cvtres.write.1.tlog
c:\robotics\eigenfaces\eigenfacesrichardson\eigenfacesrichardson\debug\link.3372-rc.read.1.tlog
c:\robotics\eigenfaces\eigenfacesrichardson\eigenfacesrichardson\debug\link.3372-rc.write.1.tlog
c:\robotics\eigenfaces\eigenfacesrichardson\eigenfacesrichardson\debug\link.3372.read.1.tlog
c:\robotics\eigenfaces\eigenfacesrichardson\eigenfacesrichardson\debug\link.3372.write.1.tlog
c:\robotics\eigenfaces\eigenfacesrichardson\eigenfacesrichardson\debug\link.6164-cvtres.read.1.tlog
c:\robotics\eigenfaces\eigenfacesrichardson\eigenfacesrichardson\debug\link.6164-cvtres.write.1.tlog
c:\robotics\eigenfaces\eigenfacesrichardson\eigenfacesrichardson\debug\link.6164-rc.read.1.tlog
c:\robotics\eigenfaces\eigenfacesrichardson\eigenfacesrichardson\debug\link.6164-rc.write.1.tlog
c:\robotics\eigenfaces\eigenfacesrichardson\eigenfacesrichardson\debug\link.6164.read.1.tlog
c:\robotics\eigenfaces\eigenfacesrichardson\eigenfacesrichardson\debug\link.6164.write.1.tlog
c:\robotics\eigenfaces\eigenfacesrichardson\eigenfacesrichardson\debug\link.7212-cvtres.read.1.tlog
c:\robotics\eigenfaces\eigenfacesrichardson\eigenfacesrichardson\debug\link.7212-cvtres.write.1.tlog
c:\robotics\eigenfaces\eigenfacesrichardson\eigenfacesrichardson\debug\link.7212-rc.read.1.tlog
c:\robotics\eigenfaces\eigenfacesrichardson\eigenfacesrichardson\debug\link.7212-rc.write.1.tlog
c:\robotics\eigenfaces\eigenfacesrichardson\eigenfacesrichardson\debug\link.7212.read.1.tlog
c:\robotics\eigenfaces\eigenfacesrichardson\eigenfacesrichardson\debug\link.7212.write.1.tlog
c:\robotics\eigenfaces\eigenfacesrichardson\eigenfacesrichardson\debug\link.command.1.tlog
c:\robotics\eigenfaces\eigenfacesrichardson\eigenfacesrichardson\debug\link.read.1.tlog
c:\robotics\eigenfaces\eigenfacesrichardson\eigenfacesrichardson\debug\link.write.1.tlog
c:\robotics\eigenfaces\eigenfacesrichardson\eigenfacesrichardson\debug\vc110.idb
