Build started 5/29/2015 9:33:32 AM.
     1>Project "C:\Robotics\Eigenfaces\eigenfacesRichardson\bytefish\bytefish.vcxproj" on node 3 (Build target(s)).
     1>ClCompile:
         C:\Program Files (x86)\Microsoft Visual Studio 12.0\VC\bin\CL.exe /c /Zi /nologo /W3 /WX- /O2 /Oi /Oy- /GL /D WIN32 /D NDEBUG /D _CONSOLE /D _LIB /D _UNICODE /D UNICODE /Gm- /EHsc /MD /GS /Gy /fp:precise /Zc:wchar_t /Zc:forScope /Fo"Release\\" /Fd"Release\vc120.pdb" /Gd /TP /analyze- /errorReport:prompt "..\..\..\..\builds\opencv-master\eigenfaces\src\eigenfaces.cpp" "..\..\..\..\builds\opencv-master\eigenfaces\src\helper.cpp" "..\..\..\..\builds\opencv-master\eigenfaces\src\main.cpp"
         eigenfaces.cpp
     1>..\..\..\..\builds\opencv-master\eigenfaces\src\eigenfaces.cpp(53): warning C4018: '<' : signed/unsigned mismatch
         helper.cpp
     1>..\..\..\..\builds\opencv-master\eigenfaces\src\helper.cpp(102): warning C4018: '<' : signed/unsigned mismatch
     1>..\..\..\..\builds\opencv-master\eigenfaces\src\helper.cpp(120): warning C4018: '<' : signed/unsigned mismatch
     1>..\..\..\..\builds\opencv-master\eigenfaces\src\helper.cpp(147): warning C4018: '<' : signed/unsigned mismatch
         main.cpp
       Link:
         C:\Program Files (x86)\Microsoft Visual Studio 12.0\VC\bin\link.exe /ERRORREPORT:PROMPT /OUT:"C:\Robotics\Eigenfaces\eigenfacesRichardson\Release\bytefish.exe" /INCREMENTAL:NO /NOLOGO opencv_calib3d2410.lib opencv_calib3d2410d.lib opencv_contrib2410.lib opencv_contrib2410d.lib opencv_core2410.lib opencv_core2410d.lib opencv_features2d2410.lib opencv_features2d2410d.lib opencv_flann2410.lib opencv_flann2410d.lib opencv_gpu2410.lib opencv_gpu2410d.lib opencv_highgui2410.lib opencv_highgui2410d.lib opencv_imgproc2410.lib opencv_imgproc2410d.lib opencv_legacy2410.lib opencv_legacy2410d.lib opencv_ml2410.lib opencv_ml2410d.lib opencv_nonfree2410.lib opencv_nonfree2410d.lib opencv_objdetect2410.lib opencv_objdetect2410d.lib opencv_ocl2410.lib opencv_ocl2410d.lib opencv_photo2410.lib opencv_photo2410d.lib opencv_stitching2410.lib opencv_stitching2410d.lib opencv_superres2410.lib opencv_superres2410d.lib opencv_ts2410.lib opencv_ts2410d.lib opencv_video2410.lib opencv_video2410d.lib opencv_videostab2410.lib opencv_videostab2410d.lib kernel32.lib user32.lib gdi32.lib winspool.lib comdlg32.lib advapi32.lib shell32.lib ole32.lib oleaut32.lib uuid.lib odbc32.lib odbccp32.lib /MANIFEST /MANIFESTUAC:"level='asInvoker' uiAccess='false'" /manifest:embed /DEBUG /PDB:"C:\Robotics\Eigenfaces\eigenfacesRichardson\Release\bytefish.pdb" /SUBSYSTEM:CONSOLE /OPT:REF /OPT:ICF /LTCG /TLBID:1 /DYNAMICBASE /NXCOMPAT /IMPLIB:"C:\Robotics\Eigenfaces\eigenfacesRichardson\Release\bytefish.lib" /MACHINE:X86 /SAFESEH Release\eigenfaces.obj
         Release\helper.obj
         Release\main.obj
         Generating code
         Finished generating code
         bytefish.vcxproj -> C:\Robotics\Eigenfaces\eigenfacesRichardson\Release\bytefish.exe
     1>Done Building Project "C:\Robotics\Eigenfaces\eigenfacesRichardson\bytefish\bytefish.vcxproj" (Build target(s)).

Build succeeded.

Time Elapsed 00:00:20.93
